[09/10/2022 08:42:29] Debug: Session id: 96312100-cccf-4db9-ac59-c524d00fc763
[09/10/2022 08:42:29] Debug: Code Processor information: Name :SnowConvert, Version: 9.0.20.0
[09/10/2022 08:42:30] Debug: Getting license
[09/10/2022 08:42:30] Debug: License information
	Status: Failed
	Message: No active license available.
[09/10/2022 08:42:30] Info: Starting to validate parameters
[09/10/2022 08:42:30] Info: Parameters to validate: 
	Execution mode: Conversion
	LICENSE_KEY: a3372138-b87e-4a08-b929-3b48b24c63f1
[09/10/2022 08:42:30] Info: Validation of parameters: Success
[09/10/2022 08:42:30] Debug: Getting code descriptor
[09/10/2022 08:42:30] Debug: Code descriptor information
	Units: 51
	Units type: LOC
	All file bytes: 2141
	All found extensions: .sql,.dml,.ddl,.bteq,.btq,.fl,.fload,.ml,.mload,.mld,.tp,.tpump,.tpt
[09/10/2022 08:42:30] Debug: Calculating fingerprint
[09/10/2022 08:42:30] Debug: Fingerprint information Fingerprint(size=2141,projects=1)
[09/10/2022 08:42:30] Info: Starting to try to validate online license for execution
[09/10/2022 08:42:32] Debug: Getting license
[09/10/2022 08:42:32] Debug: License information
	Status: Failed
	Message: No active license available.
[09/10/2022 08:42:32] Debug: Starting the execution of the controller
[09/10/2022 08:42:33] Debug: Executing the worker: SnowConvert
[09/10/2022 08:42:43] Debug: Finished executing the worker: SnowConvert
[09/10/2022 08:42:45] Info: Controller execution ended
